<?xml version="1.0" encoding="UTF-8" ?>
<testsuite tests="42" failures="0" name="RunnerTest" time="0.058" errors="0" skipped="35">
  <properties>
    <property name="java.runtime.name" value="Java(TM) SE Runtime Environment"/>
    <property name="java.vm.version" value="11.0.6+8-LTS"/>
    <property name="sun.boot.library.path" value="C:\Program Files\Java\jdk-11.0.6\bin"/>
    <property name="maven.multiModuleProjectDirectory" value="C:\Users\ASA\IdeaProjects\software-az"/>
    <property name="java.vm.vendor" value="Oracle Corporation"/>
    <property name="java.vendor.url" value="http://java.oracle.com/"/>
    <property name="guice.disable.misplaced.annotation.check" value="true"/>
    <property name="path.separator" value=";"/>
    <property name="java.vm.name" value="Java HotSpot(TM) 64-Bit Server VM"/>
    <property name="sun.os.patch.level" value=""/>
    <property name="user.script" value=""/>
    <property name="user.country" value="US"/>
    <property name="sun.java.launcher" value="SUN_STANDARD"/>
    <property name="java.vm.specification.name" value="Java Virtual Machine Specification"/>
    <property name="user.dir" value="C:\Users\ASA\IdeaProjects\software-az"/>
    <property name="java.vm.compressedOopsMode" value="Zero based"/>
    <property name="java.runtime.version" value="11.0.6+8-LTS"/>
    <property name="java.awt.graphicsenv" value="sun.awt.Win32GraphicsEnvironment"/>
    <property name="os.arch" value="amd64"/>
    <property name="java.io.tmpdir" value="C:\Users\ASA\AppData\Local\Temp\"/>
    <property name="line.separator" value="
"/>
    <property name="java.vm.specification.vendor" value="Oracle Corporation"/>
    <property name="user.variant" value=""/>
    <property name="os.name" value="Windows 10"/>
    <property name="maven.ext.class.path" value="C:\Program Files\JetBrains\IntelliJ IDEA 2019.3.3\plugins\maven\lib\maven-event-listener.jar"/>
    <property name="classworlds.conf" value="C:\Program Files\JetBrains\IntelliJ IDEA 2019.3.3\plugins\maven\lib\maven3\bin\m2.conf"/>
    <property name="sun.jnu.encoding" value="Cp1256"/>
    <property name="java.library.path" value="C:\Program Files\Java\jdk-11.0.6\bin;C:\WINDOWS\Sun\Java\bin;C:\WINDOWS\system32;C:\WINDOWS;C:\Python310\Scripts\;C:\Python310\;C:\Program Files (x86)\VMware\VMware Workstation\bin\;C:\Program Files\Common Files\Oracle\Java\javapath;C:\Program Files\Eclipse Adoptium\jdk-11.0.14.101-hotspot\bin;C:\Program Files\Java\jdk-11.0.6\bin;C:\Program Files (x86)\Intel\Intel(R) Management Engine Components\iCLS\;C:\Program Files\Intel\Intel(R) Management Engine Components\iCLS\;C:\Windows\system32;C:\Windows;C:\Windows\System32\Wbem;C:\Windows\System32\WindowsPowerShell\v1.0\;C:\Windows\System32\OpenSSH\;C:\Program Files (x86)\NVIDIA Corporation\PhysX\Common;C:\Program Files (x86)\Intel\Intel(R) Management Engine Components\DAL;C:\Program Files\Intel\Intel(R) Management Engine Components\DAL;C:\Program Files (x86)\Intel\Intel(R) Management Engine Components\IPT;C:\Program Files\Intel\Intel(R) Management Engine Components\IPT;E:\Git\cmd;E:\Git\bin;C:\WINDOWS\system32;C:\WINDOWS;C:\WINDOWS\System32\Wbem;C:\WINDOWS\System32\WindowsPowerShell\v1.0\;C:\WINDOWS\System32\OpenSSH\;C:\Go\bin;C:\ProgramData\chocolatey\bin;C:\Program Files\Microsoft VS Code\bin;C:\Users\ASA\AppData\Roaming\nvm;C:\Program Files\nodejs;C:\Program Files\Calibre2\;C:\Program Files (x86)\Gpg4win\..\GnuPG\bin;C:\Users\ASA\AppData\Local\Programs\Python\Python37\Scripts\;C:\Users\ASA\AppData\Local\Programs\Python\Python37\;C:\Users\ASA\AppData\Roaming\Microsoft\Windows\Start Menu\Programs\Python 3.10;C:\Users\ASA\AppData\Local\Microsoft\WindowsApps;C:\texlive\2018\bin\win32;G:\go\bin;F:\Programms\win64;C:\modeltech64_10.6d\win64;C:\modeltech64_2020.4\win64;C:\Users\ASA\AppData\Local\GitHubDesktop\bin;C:\Users\ASA\AppData\Local\Programs\mongosh\;C:\data\db;C:\Program Files\JetBrains\PyCharm Community Edition 2021.3.2\bin;C:\Program Files\JetBrains\PyCharm 2021.3.3\bin;C:\Users\ASA\AppData\Local\JetBrains\Toolbox\scripts;C:\Users\ASA\AppData\Roaming\npm;C:\Users\ASA\AppData\Roaming\nvm;D:\OpenSSL\OpenSSL\bin;;."/>
    <property name="maven.conf" value="C:\Program Files\JetBrains\IntelliJ IDEA 2019.3.3\plugins\maven\lib\maven3/conf"/>
    <property name="jdk.debug" value="release"/>
    <property name="java.class.version" value="55.0"/>
    <property name="java.specification.name" value="Java Platform API Specification"/>
    <property name="sun.management.compiler" value="HotSpot 64-Bit Tiered Compilers"/>
    <property name="idea.version2019.3.3" value="true"/>
    <property name="os.version" value="10.0"/>
    <property name="user.home" value="C:\Users\ASA"/>
    <property name="user.timezone" value="Asia/Tehran"/>
    <property name="java.awt.printerjob" value="sun.awt.windows.WPrinterJob"/>
    <property name="file.encoding" value="UTF-8"/>
    <property name="java.specification.version" value="11"/>
    <property name="user.name" value="ASA"/>
    <property name="java.class.path" value="C:\Program Files\JetBrains\IntelliJ IDEA 2019.3.3\plugins\maven\lib\maven3\boot\plexus-classworlds-2.6.0.jar"/>
    <property name="java.vm.specification.version" value="11"/>
    <property name="sun.arch.data.model" value="64"/>
    <property name="sun.java.command" value="org.codehaus.classworlds.Launcher -Didea.version2019.3.3 test"/>
    <property name="java.home" value="C:\Program Files\Java\jdk-11.0.6"/>
    <property name="user.language" value="en"/>
    <property name="java.specification.vendor" value="Oracle Corporation"/>
    <property name="awt.toolkit" value="sun.awt.windows.WToolkit"/>
    <property name="java.vm.info" value="mixed mode"/>
    <property name="java.version" value="11.0.6"/>
    <property name="java.vendor" value="Oracle Corporation"/>
    <property name="maven.home" value="C:\Program Files\JetBrains\IntelliJ IDEA 2019.3.3\plugins\maven\lib\maven3"/>
    <property name="file.separator" value="\"/>
    <property name="java.version.date" value="2020-01-14"/>
    <property name="java.vendor.url.bug" value="http://bugreport.java.com/bugreport/"/>
    <property name="sun.io.unicode.encoding" value="UnicodeLittle"/>
    <property name="sun.cpu.endian" value="little"/>
    <property name="java.vendor.version" value="18.9"/>
    <property name="sun.desktop" value="windows"/>
    <property name="sun.cpu.isalist" value="amd64"/>
  </properties>
  <testcase classname="Scenario: multiply two positive numbers" name="Given Two input values, 6 and 2" time="0.005">
    <skipped/>
  </testcase>
  <testcase classname="Scenario: multiply two positive numbers" name="And Operator is *" time="0.005">
    <skipped/>
  </testcase>
  <testcase classname="Scenario: multiply two positive numbers" name="When I perform the operation" time="0.005">
    <skipped/>
  </testcase>
  <testcase classname="Scenario: multiply two positive numbers" name="Then I expect the result 12" time="0.006">
    <skipped/>
  </testcase>
  <testcase classname="Scenario: multiply two positive numbers" name="Scenario: multiply two positive numbers" time="0.006">
    <skipped/>
  </testcase>
  <testcase classname="Scenario: multiply two positive numbers" name="Scenario: multiply two positive numbers" time="0.007"/>
  <testcase classname="Scenario: multiply a positive and a negative number" name="Given Two input values, 6 and -2" time="0">
    <skipped/>
  </testcase>
  <testcase classname="Scenario: multiply a positive and a negative number" name="And Operator is *" time="0">
    <skipped/>
  </testcase>
  <testcase classname="Scenario: multiply a positive and a negative number" name="When I perform the operation" time="0">
    <skipped/>
  </testcase>
  <testcase classname="Scenario: multiply a positive and a negative number" name="Then I expect the result -12" time="0.001">
    <skipped/>
  </testcase>
  <testcase classname="Scenario: multiply a positive and a negative number" name="Scenario: multiply a positive and a negative number" time="0.001">
    <skipped/>
  </testcase>
  <testcase classname="Scenario: multiply a positive and a negative number" name="Scenario: multiply a positive and a negative number" time="0.001"/>
  <testcase classname="Scenario: divide two positive numbers" name="Given Two input values, 6 and 2" time="0">
    <skipped/>
  </testcase>
  <testcase classname="Scenario: divide two positive numbers" name="And Operator is /" time="0">
    <skipped/>
  </testcase>
  <testcase classname="Scenario: divide two positive numbers" name="When I perform the operation" time="0">
    <skipped/>
  </testcase>
  <testcase classname="Scenario: divide two positive numbers" name="Then I expect the result 3" time="0.001">
    <skipped/>
  </testcase>
  <testcase classname="Scenario: divide two positive numbers" name="Scenario: divide two positive numbers" time="0.001">
    <skipped/>
  </testcase>
  <testcase classname="Scenario: divide two positive numbers" name="Scenario: divide two positive numbers" time="0.001"/>
  <testcase classname="Scenario: divide a positive number by a negative number" name="Given Two input values, 6 and -2" time="0.001">
    <skipped/>
  </testcase>
  <testcase classname="Scenario: divide a positive number by a negative number" name="And Operator is /" time="0.001">
    <skipped/>
  </testcase>
  <testcase classname="Scenario: divide a positive number by a negative number" name="When I perform the operation" time="0.001">
    <skipped/>
  </testcase>
  <testcase classname="Scenario: divide a positive number by a negative number" name="Then I expect the result -3" time="0.001">
    <skipped/>
  </testcase>
  <testcase classname="Scenario: divide a positive number by a negative number" name="Scenario: divide a positive number by a negative number" time="0.002">
    <skipped/>
  </testcase>
  <testcase classname="Scenario: divide a positive number by a negative number" name="Scenario: divide a positive number by a negative number" time="0.002"/>
  <testcase classname="Scenario: raise a positive number to a positive power" name="Given Two input values, 6 and 2" time="0">
    <skipped/>
  </testcase>
  <testcase classname="Scenario: raise a positive number to a positive power" name="And Operator is ^" time="0">
    <skipped/>
  </testcase>
  <testcase classname="Scenario: raise a positive number to a positive power" name="When I perform the operation" time="0">
    <skipped/>
  </testcase>
  <testcase classname="Scenario: raise a positive number to a positive power" name="Then I expect the result 36" time="0.001">
    <skipped/>
  </testcase>
  <testcase classname="Scenario: raise a positive number to a positive power" name="Scenario: raise a positive number to a positive power" time="0.001">
    <skipped/>
  </testcase>
  <testcase classname="Scenario: raise a positive number to a positive power" name="Scenario: raise a positive number to a positive power" time="0.001"/>
  <testcase classname="Scenario: raise a negative number to an even power" name="Given Two input values, -6 and 2" time="0">
    <skipped/>
  </testcase>
  <testcase classname="Scenario: raise a negative number to an even power" name="And Operator is ^" time="0">
    <skipped/>
  </testcase>
  <testcase classname="Scenario: raise a negative number to an even power" name="When I perform the operation" time="0">
    <skipped/>
  </testcase>
  <testcase classname="Scenario: raise a negative number to an even power" name="Then I expect the result 36" time="0.001">
    <skipped/>
  </testcase>
  <testcase classname="Scenario: raise a negative number to an even power" name="Scenario: raise a negative number to an even power" time="0.001">
    <skipped/>
  </testcase>
  <testcase classname="Scenario: raise a negative number to an even power" name="Scenario: raise a negative number to an even power" time="0.001"/>
  <testcase classname="Scenario: raise a negative number to an odd power" name="Given Two input values, -6 and 3" time="0">
    <skipped/>
  </testcase>
  <testcase classname="Scenario: raise a negative number to an odd power" name="And Operator is ^" time="0">
    <skipped/>
  </testcase>
  <testcase classname="Scenario: raise a negative number to an odd power" name="When I perform the operation" time="0.001">
    <skipped/>
  </testcase>
  <testcase classname="Scenario: raise a negative number to an odd power" name="Then I expect the result -216" time="0.001">
    <skipped/>
  </testcase>
  <testcase classname="Scenario: raise a negative number to an odd power" name="Scenario: raise a negative number to an odd power" time="0.001">
    <skipped/>
  </testcase>
  <testcase classname="Scenario: raise a negative number to an odd power" name="Scenario: raise a negative number to an odd power" time="0.001"/>
</testsuite>